Determining if the pthread_create exist failed with the following output:
Change Dir: /home/user151137/work/Projects/KAA/kaa-all/sample-apps/powerplant/source/cpp/build/CMakeFiles/CMakeTmp

Run Build Command:"/usr/bin/make" "cmTC_43f6f/fast"
/usr/bin/make -f CMakeFiles/cmTC_43f6f.dir/build.make CMakeFiles/cmTC_43f6f.dir/build
make[1]: Entering directory '/home/user151137/work/Projects/KAA/kaa-all/sample-apps/powerplant/source/cpp/build/CMakeFiles/CMakeTmp'
Building C object CMakeFiles/cmTC_43f6f.dir/CheckSymbolExists.c.o
/usr/bin/cc     -o CMakeFiles/cmTC_43f6f.dir/CheckSymbolExists.c.o   -c /home/user151137/work/Projects/KAA/kaa-all/sample-apps/powerplant/source/cpp/build/CMakeFiles/CMakeTmp/CheckSymbolExists.c
Linking C executable cmTC_43f6f
/usr/bin/cmake -E cmake_link_script CMakeFiles/cmTC_43f6f.dir/link.txt --verbose=1
/usr/bin/cc       CMakeFiles/cmTC_43f6f.dir/CheckSymbolExists.c.o  -o cmTC_43f6f -rdynamic 
CMakeFiles/cmTC_43f6f.dir/CheckSymbolExists.c.o: In function `main':
CheckSymbolExists.c:(.text+0x16): undefined reference to `pthread_create'
collect2: error: ld returned 1 exit status
CMakeFiles/cmTC_43f6f.dir/build.make:97: recipe for target 'cmTC_43f6f' failed
make[1]: *** [cmTC_43f6f] Error 1
make[1]: Leaving directory '/home/user151137/work/Projects/KAA/kaa-all/sample-apps/powerplant/source/cpp/build/CMakeFiles/CMakeTmp'
Makefile:126: recipe for target 'cmTC_43f6f/fast' failed
make: *** [cmTC_43f6f/fast] Error 2

File /home/user151137/work/Projects/KAA/kaa-all/sample-apps/powerplant/source/cpp/build/CMakeFiles/CMakeTmp/CheckSymbolExists.c:
/* */
#include <pthread.h>

int main(int argc, char** argv)
{
  (void)argv;
#ifndef pthread_create
  return ((int*)(&pthread_create))[argc];
#else
  (void)argc;
  return 0;
#endif
}

Determining if the function pthread_create exists in the pthreads failed with the following output:
Change Dir: /home/user151137/work/Projects/KAA/kaa-all/sample-apps/powerplant/source/cpp/build/CMakeFiles/CMakeTmp

Run Build Command:"/usr/bin/make" "cmTC_aa137/fast"
/usr/bin/make -f CMakeFiles/cmTC_aa137.dir/build.make CMakeFiles/cmTC_aa137.dir/build
make[1]: Entering directory '/home/user151137/work/Projects/KAA/kaa-all/sample-apps/powerplant/source/cpp/build/CMakeFiles/CMakeTmp'
Building C object CMakeFiles/cmTC_aa137.dir/CheckFunctionExists.c.o
/usr/bin/cc    -DCHECK_FUNCTION_EXISTS=pthread_create   -o CMakeFiles/cmTC_aa137.dir/CheckFunctionExists.c.o   -c /usr/share/cmake-3.5/Modules/CheckFunctionExists.c
Linking C executable cmTC_aa137
/usr/bin/cmake -E cmake_link_script CMakeFiles/cmTC_aa137.dir/link.txt --verbose=1
/usr/bin/cc   -DCHECK_FUNCTION_EXISTS=pthread_create    CMakeFiles/cmTC_aa137.dir/CheckFunctionExists.c.o  -o cmTC_aa137 -rdynamic -lpthreads 
/usr/bin/ld: cannot find -lpthreads
collect2: error: ld returned 1 exit status
CMakeFiles/cmTC_aa137.dir/build.make:97: recipe for target 'cmTC_aa137' failed
make[1]: *** [cmTC_aa137] Error 1
make[1]: Leaving directory '/home/user151137/work/Projects/KAA/kaa-all/sample-apps/powerplant/source/cpp/build/CMakeFiles/CMakeTmp'
Makefile:126: recipe for target 'cmTC_aa137/fast' failed
make: *** [cmTC_aa137/fast] Error 2


